生成启动时间为 2018/1/5 16:22:00。
     1>项目“C:\Users\glennge\Desktop\语音识别\异常声音分类\MYMFCC-GMM\MYMFCC-GMM\MYMFCC-GMM.vcxproj”在节点 2 上(build 个目标)。
     1>InitializeBuildStatus:
         正在创建“Debug\MYMFCC-GMM.unsuccessfulbuild”，因为已指定“AlwaysCreate”。
       ClCompile:
         C:\Program Files (x86)\Microsoft Visual Studio 10.0\VC\bin\CL.exe /c /ZI /nologo /W3 /WX- /Od /Oy- /D _MBCS /Gm /EHsc /RTC1 /MDd /GS /fp:precise /Zc:wchar_t /Zc:forScope /Fo"Debug\\" /Fd"Debug\vc100.pdb" /Gd /TP /analyze- /errorReport:prompt SoundClassify.cpp SoundInterface.cpp main.cpp
         SoundInterface.cpp
     1>c:\users\glennge\desktop\语音识别\异常声音分类\mymfcc-gmm\mymfcc-gmm\filterbank.h(55): warning C4091: “typedef ”: 没有声明变量时忽略“Wave”的左侧
     1>c:\users\glennge\desktop\语音识别\异常声音分类\mymfcc-gmm\mymfcc-gmm\filterbank.h(70): warning C4091: “typedef ”: 没有声明变量时忽略“FBankInfo”的左侧
     1>c:\users\glennge\desktop\语音识别\异常声音分类\mymfcc-gmm\mymfcc-gmm\filterbank.h(85): warning C4091: “typedef ”: 没有声明变量时忽略“IOConfig”的左侧
         正在生成代码...
         正在编译...
         main.cpp
     1>c:\users\glennge\desktop\语音识别\异常声音分类\mymfcc-gmm\mymfcc-gmm\filterbank.h(55): warning C4091: “typedef ”: 没有声明变量时忽略“Wave”的左侧
     1>c:\users\glennge\desktop\语音识别\异常声音分类\mymfcc-gmm\mymfcc-gmm\filterbank.h(70): warning C4091: “typedef ”: 没有声明变量时忽略“FBankInfo”的左侧
     1>c:\users\glennge\desktop\语音识别\异常声音分类\mymfcc-gmm\mymfcc-gmm\filterbank.h(85): warning C4091: “typedef ”: 没有声明变量时忽略“IOConfig”的左侧
     1>c:\users\glennge\desktop\语音识别\异常声音分类\mymfcc-gmm\mymfcc-gmm\main.cpp(242): warning C4244: “=”: 从“int64”转换到“double”，可能丢失数据
         SoundClassify.cpp
     1>c:\users\glennge\desktop\语音识别\异常声音分类\mymfcc-gmm\mymfcc-gmm\filterbank.h(55): warning C4091: “typedef ”: 没有声明变量时忽略“Wave”的左侧
     1>c:\users\glennge\desktop\语音识别\异常声音分类\mymfcc-gmm\mymfcc-gmm\filterbank.h(70): warning C4091: “typedef ”: 没有声明变量时忽略“FBankInfo”的左侧
     1>c:\users\glennge\desktop\语音识别\异常声音分类\mymfcc-gmm\mymfcc-gmm\filterbank.h(85): warning C4091: “typedef ”: 没有声明变量时忽略“IOConfig”的左侧
     1>c:\users\glennge\desktop\语音识别\异常声音分类\mymfcc-gmm\mymfcc-gmm\soundclassify.cpp(300): warning C4996: 'strcpy': This function or variable may be unsafe. Consider using strcpy_s instead. To disable deprecation, use _CRT_SECURE_NO_WARNINGS. See online help for details.
                 c:\program files (x86)\microsoft visual studio 10.0\vc\include\string.h(105) : 参见“strcpy”的声明
         正在生成代码...
       Link:
         C:\Program Files (x86)\Microsoft Visual Studio 10.0\VC\bin\link.exe /ERRORREPORT:PROMPT /OUT:"C:\Users\glennge\Desktop\语音识别\异常声音分类\MYMFCC-GMM\Debug\MYMFCC-GMM.exe" /NOLOGO opencv_ml2410d.lib opencv_calib3d2410d.lib opencv_contrib2410d.lib opencv_core2410d.lib opencv_features2d2410d.lib opencv_flann2410d.lib opencv_gpu2410d.lib opencv_highgui2410d.lib opencv_imgproc2410d.lib opencv_legacy2410d.lib opencv_objdetect2410d.lib opencv_ts2410d.lib opencv_video2410d.lib opencv_nonfree2410d.lib opencv_ocl2410d.lib opencv_photo2410d.lib opencv_stitching2410d.lib opencv_superres2410d.lib opencv_videostab2410d.lib opencv_objdetect2410.lib opencv_ts2410.lib opencv_video2410.lib opencv_nonfree2410.lib opencv_ocl2410.lib opencv_photo2410.lib opencv_stitching2410.lib opencv_superres2410.lib opencv_videostab2410.lib opencv_calib3d2410.lib opencv_contrib2410.lib opencv_core2410.lib opencv_features2d2410.lib opencv_flann2410.lib opencv_gpu2410.lib opencv_highgui2410.lib opencv_imgproc2410.lib opencv_legacy2410.lib opencv_ml2410.lib kernel32.lib user32.lib gdi32.lib winspool.lib comdlg32.lib advapi32.lib shell32.lib ole32.lib oleaut32.lib uuid.lib odbc32.lib odbccp32.lib /MANIFEST /ManifestFile:"Debug\MYMFCC-GMM.exe.intermediate.manifest" /MANIFESTUAC:"level='asInvoker' uiAccess='false'" /DEBUG /PDB:"C:\Users\glennge\Desktop\语音识别\异常声音分类\MYMFCC-GMM\Debug\MYMFCC-GMM.pdb" /TLBID:1 /DYNAMICBASE /NXCOMPAT /IMPLIB:"C:\Users\glennge\Desktop\语音识别\异常声音分类\MYMFCC-GMM\Debug\MYMFCC-GMM.lib" /MACHINE:X86 Debug\extractfeature.obj
         Debug\filterbank.obj
         Debug\GMM.obj
         Debug\KMeans.obj
         Debug\main.obj
         Debug\SoundClassify.obj
         Debug\SoundInterface.obj
         LINK : 没有找到 C:\Users\glennge\Desktop\语音识别\异常声音分类\MYMFCC-GMM\Debug\MYMFCC-GMM.exe 或上一个增量链接没有生成它；正在执行完全链接
         MYMFCC-GMM.vcxproj -> C:\Users\glennge\Desktop\语音识别\异常声音分类\MYMFCC-GMM\Debug\MYMFCC-GMM.exe
       Manifest:
         C:\Program Files (x86)\Microsoft SDKs\Windows\v7.0A\bin\mt.exe /nologo /verbose /outputresource:"C:\Users\glennge\Desktop\语音识别\异常声音分类\MYMFCC-GMM\Debug\MYMFCC-GMM.exe;#1" /manifest "Debug\MYMFCC-GMM.exe.intermediate.manifest"
       FinalizeBuildStatus:
         正在删除文件“Debug\MYMFCC-GMM.unsuccessfulbuild”。
         正在对“Debug\MYMFCC-GMM.lastbuildstate”执行 Touch 任务。
     1>已完成生成项目“C:\Users\glennge\Desktop\语音识别\异常声音分类\MYMFCC-GMM\MYMFCC-GMM\MYMFCC-GMM.vcxproj”(build 个目标)的操作。

生成成功。

已用时间 00:00:02.99
