生成启动时间为 2017/11/20 20:51:31。
     1>项目“C:\Users\glennge\Desktop\移动跟踪\meanshift\MY_MEANSHIFT\Meanshift3\Meanshift3.vcxproj”在节点 2 上(build 个目标)。
     1>InitializeBuildStatus:
         正在创建“Debug\Meanshift3.unsuccessfulbuild”，因为已指定“AlwaysCreate”。
       ClCompile:
         C:\Program Files (x86)\Microsoft Visual Studio 10.0\VC\bin\CL.exe /c /ZI /nologo /W3 /WX- /Od /Oy- /D _MBCS /Gm /EHsc /RTC1 /MDd /GS /fp:precise /Zc:wchar_t /Zc:forScope /Fo"Debug\\" /Fd"Debug\vc100.pdb" /Gd /TP /analyze- /errorReport:prompt cpp_test.cpp
         cpp_test.cpp
     1>c:\users\glennge\desktop\移动跟踪\meanshift\my_meanshift\meanshift3\cpp_test.cpp(9): warning C4996: 'fopen': This function or variable may be unsafe. Consider using fopen_s instead. To disable deprecation, use _CRT_SECURE_NO_WARNINGS. See online help for details.
                 c:\program files (x86)\microsoft visual studio 10.0\vc\include\stdio.h(234) : 参见“fopen”的声明
     1>c:\users\glennge\desktop\移动跟踪\meanshift\my_meanshift\meanshift3\cpp_test.cpp(34): warning C4018: “<”: 有符号/无符号不匹配
     1>c:\users\glennge\desktop\移动跟踪\meanshift\my_meanshift\meanshift3\cpp_test.cpp(35): warning C4018: “<”: 有符号/无符号不匹配
     1>c:\users\glennge\desktop\移动跟踪\meanshift\my_meanshift\meanshift3\cpp_test.cpp(50): warning C4996: 'fopen': This function or variable may be unsafe. Consider using fopen_s instead. To disable deprecation, use _CRT_SECURE_NO_WARNINGS. See online help for details.
                 c:\program files (x86)\microsoft visual studio 10.0\vc\include\stdio.h(234) : 参见“fopen”的声明
     1>c:\users\glennge\desktop\移动跟踪\meanshift\my_meanshift\meanshift3\cpp_test.cpp(59): warning C4018: “<”: 有符号/无符号不匹配
     1>c:\users\glennge\desktop\移动跟踪\meanshift\my_meanshift\meanshift3\cpp_test.cpp(61): warning C4018: “<”: 有符号/无符号不匹配
     1>c:\users\glennge\desktop\移动跟踪\meanshift\my_meanshift\meanshift3\cpp_test.cpp(62): warning C4018: “<”: 有符号/无符号不匹配
     1>c:\users\glennge\desktop\移动跟踪\meanshift\my_meanshift\meanshift3\cpp_test.cpp(67): warning C4018: “<”: 有符号/无符号不匹配
       Link:
         C:\Program Files (x86)\Microsoft Visual Studio 10.0\VC\bin\link.exe /ERRORREPORT:PROMPT /OUT:"C:\Users\glennge\Desktop\移动跟踪\meanshift\MY_MEANSHIFT\Debug\Meanshift3.exe" /NOLOGO opencv_ml2410d.lib opencv_calib3d2410d.lib opencv_contrib2410d.lib opencv_core2410d.lib opencv_features2d2410d.lib opencv_flann2410d.lib opencv_gpu2410d.lib opencv_highgui2410d.lib opencv_imgproc2410d.lib opencv_legacy2410d.lib opencv_objdetect2410d.lib opencv_ts2410d.lib opencv_video2410d.lib opencv_nonfree2410d.lib opencv_ocl2410d.lib opencv_photo2410d.lib opencv_stitching2410d.lib opencv_superres2410d.lib opencv_videostab2410d.lib opencv_objdetect2410.lib opencv_ts2410.lib opencv_video2410.lib opencv_nonfree2410.lib opencv_ocl2410.lib opencv_photo2410.lib opencv_stitching2410.lib opencv_superres2410.lib opencv_videostab2410.lib opencv_calib3d2410.lib opencv_contrib2410.lib opencv_core2410.lib opencv_features2d2410.lib opencv_flann2410.lib opencv_gpu2410.lib opencv_highgui2410.lib opencv_imgproc2410.lib opencv_legacy2410.lib opencv_ml2410.lib kernel32.lib user32.lib gdi32.lib winspool.lib comdlg32.lib advapi32.lib shell32.lib ole32.lib oleaut32.lib uuid.lib odbc32.lib odbccp32.lib /MANIFEST /ManifestFile:"Debug\Meanshift3.exe.intermediate.manifest" /MANIFESTUAC:"level='asInvoker' uiAccess='false'" /DEBUG /PDB:"C:\Users\glennge\Desktop\移动跟踪\meanshift\MY_MEANSHIFT\Debug\Meanshift3.pdb" /TLBID:1 /DYNAMICBASE /NXCOMPAT /IMPLIB:"C:\Users\glennge\Desktop\移动跟踪\meanshift\MY_MEANSHIFT\Debug\Meanshift3.lib" /MACHINE:X86 Debug\cpp_test.obj
         Debug\MeanShift.obj
         LINK : 没有找到 C:\Users\glennge\Desktop\移动跟踪\meanshift\MY_MEANSHIFT\Debug\Meanshift3.exe 或上一个增量链接没有生成它；正在执行完全链接
         Meanshift3.vcxproj -> C:\Users\glennge\Desktop\移动跟踪\meanshift\MY_MEANSHIFT\Debug\Meanshift3.exe
       Manifest:
         C:\Program Files (x86)\Microsoft SDKs\Windows\v7.0A\bin\mt.exe /nologo /verbose /outputresource:"C:\Users\glennge\Desktop\移动跟踪\meanshift\MY_MEANSHIFT\Debug\Meanshift3.exe;#1" /manifest Debug\Meanshift3.exe.intermediate.manifest
       FinalizeBuildStatus:
         正在删除文件“Debug\Meanshift3.unsuccessfulbuild”。
         正在对“Debug\Meanshift3.lastbuildstate”执行 Touch 任务。
     1>已完成生成项目“C:\Users\glennge\Desktop\移动跟踪\meanshift\MY_MEANSHIFT\Meanshift3\Meanshift3.vcxproj”(build 个目标)的操作。

生成成功。

已用时间 00:00:00.91
