生成启动时间为 2017/9/8 9:01:14。
     1>项目“C:\Users\glennge\Desktop\移动跟踪\connectvideo\connectvideo\connectvideo.vcxproj”在节点 2 上(build 个目标)。
     1>InitializeBuildStatus:
         正在创建“Debug\connectvideo.unsuccessfulbuild”，因为已指定“AlwaysCreate”。
       ClCompile:
         C:\Program Files (x86)\Microsoft Visual Studio 10.0\VC\bin\CL.exe /c /ZI /nologo /W3 /WX- /Od /Oy- /D _MBCS /Gm /EHsc /RTC1 /MDd /GS /fp:precise /Zc:wchar_t /Zc:forScope /Fo"Debug\\" /Fd"Debug\vc100.pdb" /Gd /TP /analyze- /errorReport:prompt main2.cpp main4.cpp
         main4.cpp
         main2.cpp
     1>c:\users\glennge\desktop\移动跟踪\connectvideo\connectvideo\main2.cpp(25): warning C4305: “初始化”: 从“double”到“float”截断
     1>c:\users\glennge\desktop\移动跟踪\connectvideo\connectvideo\main2.cpp(26): warning C4244: “参数”: 从“float”转换到“int”，可能丢失数据
     1>c:\users\glennge\desktop\移动跟踪\connectvideo\connectvideo\main2.cpp(26): warning C4244: “参数”: 从“float”转换到“int”，可能丢失数据
     1>c:\users\glennge\desktop\移动跟踪\connectvideo\connectvideo\main2.cpp(32): warning C4244: “初始化”: 从“double”转换到“int”，可能丢失数据
     1>c:\users\glennge\desktop\移动跟踪\connectvideo\connectvideo\main2.cpp(46): warning C4244: “参数”: 从“float”转换到“int”，可能丢失数据
     1>c:\users\glennge\desktop\移动跟踪\connectvideo\connectvideo\main2.cpp(46): warning C4244: “参数”: 从“float”转换到“int”，可能丢失数据
         正在生成代码...
       Link:
         C:\Program Files (x86)\Microsoft Visual Studio 10.0\VC\bin\link.exe /ERRORREPORT:PROMPT /OUT:"C:\Users\glennge\Desktop\移动跟踪\connectvideo\Debug\connectvideo.exe" /NOLOGO opencv_ml2410d.lib opencv_calib3d2410d.lib opencv_contrib2410d.lib opencv_core2410d.lib opencv_features2d2410d.lib opencv_flann2410d.lib opencv_gpu2410d.lib opencv_highgui2410d.lib opencv_imgproc2410d.lib opencv_legacy2410d.lib opencv_objdetect2410d.lib opencv_ts2410d.lib opencv_video2410d.lib opencv_nonfree2410d.lib opencv_ocl2410d.lib opencv_photo2410d.lib opencv_stitching2410d.lib opencv_superres2410d.lib opencv_videostab2410d.lib opencv_objdetect2410.lib opencv_ts2410.lib opencv_video2410.lib opencv_nonfree2410.lib opencv_ocl2410.lib opencv_photo2410.lib opencv_stitching2410.lib opencv_superres2410.lib opencv_videostab2410.lib opencv_calib3d2410.lib opencv_contrib2410.lib opencv_core2410.lib opencv_features2d2410.lib opencv_flann2410.lib opencv_gpu2410.lib opencv_highgui2410.lib opencv_imgproc2410.lib opencv_legacy2410.lib opencv_ml2410.lib kernel32.lib user32.lib gdi32.lib winspool.lib comdlg32.lib advapi32.lib shell32.lib ole32.lib oleaut32.lib uuid.lib odbc32.lib odbccp32.lib /MANIFEST /ManifestFile:"Debug\connectvideo.exe.intermediate.manifest" /MANIFESTUAC:"level='asInvoker' uiAccess='false'" /DEBUG /PDB:"C:\Users\glennge\Desktop\移动跟踪\connectvideo\Debug\connectvideo.pdb" /TLBID:1 /DYNAMICBASE /NXCOMPAT /IMPLIB:"C:\Users\glennge\Desktop\移动跟踪\connectvideo\Debug\connectvideo.lib" /MACHINE:X86 Debug\main.obj
         Debug\main2.obj
         Debug\main3.obj
         Debug\main4.obj
         LINK : 没有找到 C:\Users\glennge\Desktop\移动跟踪\connectvideo\Debug\connectvideo.exe 或上一个增量链接没有生成它；正在执行完全链接
         connectvideo.vcxproj -> C:\Users\glennge\Desktop\移动跟踪\connectvideo\Debug\connectvideo.exe
       Manifest:
         C:\Program Files (x86)\Microsoft SDKs\Windows\v7.0A\bin\mt.exe /nologo /verbose /outputresource:"C:\Users\glennge\Desktop\移动跟踪\connectvideo\Debug\connectvideo.exe;#1" /manifest Debug\connectvideo.exe.intermediate.manifest
       FinalizeBuildStatus:
         正在删除文件“Debug\connectvideo.unsuccessfulbuild”。
         正在对“Debug\connectvideo.lastbuildstate”执行 Touch 任务。
     1>已完成生成项目“C:\Users\glennge\Desktop\移动跟踪\connectvideo\connectvideo\connectvideo.vcxproj”(build 个目标)的操作。

生成成功。

已用时间 00:00:05.56
