生成启动时间为 2017/12/9 16:16:46。
     1>项目“C:\Users\glennge\Desktop\语音识别\异常声音分类\SVM\libsvm\libsvm\libsvm.vcxproj”在节点 2 上(build 个目标)。
     1>InitializeBuildStatus:
         正在创建“Debug\libsvm.unsuccessfulbuild”，因为已指定“AlwaysCreate”。
       ClCompile:
         C:\Program Files (x86)\Microsoft Visual Studio 10.0\VC\bin\CL.exe /c /ZI /nologo /W3 /WX- /Od /Oy- /D _MBCS /Gm /EHsc /RTC1 /MDd /GS /fp:precise /Zc:wchar_t /Zc:forScope /Fo"Debug\\" /Fd"Debug\vc100.pdb" /Gd /TP /analyze- /errorReport:prompt "svm-scale.cpp"
         svm-scale.cpp
     1>c:\users\glennge\desktop\语音识别\异常声音分类\svm\libsvm\libsvm\svm-scale.cpp(91): warning C4996: 'fopen': This function or variable may be unsafe. Consider using fopen_s instead. To disable deprecation, use _CRT_SECURE_NO_WARNINGS. See online help for details.
                 c:\program files (x86)\microsoft visual studio 10.0\vc\include\stdio.h(234) : 参见“fopen”的声明
     1>c:\users\glennge\desktop\语音识别\异常声音分类\svm\libsvm\libsvm\svm-scale.cpp(94): warning C4996: 'strcpy': This function or variable may be unsafe. Consider using strcpy_s instead. To disable deprecation, use _CRT_SECURE_NO_WARNINGS. See online help for details.
                 c:\program files (x86)\microsoft visual studio 10.0\vc\include\string.h(105) : 参见“strcpy”的声明
     1>c:\users\glennge\desktop\语音识别\异常声音分类\svm\libsvm\libsvm\svm-scale.cpp(96): warning C4996: 'strcat': This function or variable may be unsafe. Consider using strcat_s instead. To disable deprecation, use _CRT_SECURE_NO_WARNINGS. See online help for details.
                 c:\program files (x86)\microsoft visual studio 10.0\vc\include\string.h(110) : 参见“strcat”的声明
     1>c:\users\glennge\desktop\语音识别\异常声音分类\svm\libsvm\libsvm\svm-scale.cpp(126): warning C4996: 'fopen': This function or variable may be unsafe. Consider using fopen_s instead. To disable deprecation, use _CRT_SECURE_NO_WARNINGS. See online help for details.
                 c:\program files (x86)\microsoft visual studio 10.0\vc\include\stdio.h(234) : 参见“fopen”的声明
     1>c:\users\glennge\desktop\语音识别\异常声音分类\svm\libsvm\libsvm\svm-scale.cpp(143): warning C4996: 'fscanf': This function or variable may be unsafe. Consider using fscanf_s instead. To disable deprecation, use _CRT_SECURE_NO_WARNINGS. See online help for details.
                 c:\program files (x86)\microsoft visual studio 10.0\vc\include\stdio.h(253) : 参见“fscanf”的声明
     1>c:\users\glennge\desktop\语音识别\异常声音分类\svm\libsvm\libsvm\svm-scale.cpp(154): warning C4996: 'sscanf': This function or variable may be unsafe. Consider using sscanf_s instead. To disable deprecation, use _CRT_SECURE_NO_WARNINGS. See online help for details.
                 c:\program files (x86)\microsoft visual studio 10.0\vc\include\stdio.h(325) : 参见“sscanf”的声明
     1>c:\users\glennge\desktop\语音识别\异常声音分类\svm\libsvm\libsvm\svm-scale.cpp(192): warning C4996: 'sscanf': This function or variable may be unsafe. Consider using sscanf_s instead. To disable deprecation, use _CRT_SECURE_NO_WARNINGS. See online help for details.
                 c:\program files (x86)\microsoft visual studio 10.0\vc\include\stdio.h(325) : 参见“sscanf”的声明
     1>c:\users\glennge\desktop\语音识别\异常声音分类\svm\libsvm\libsvm\svm-scale.cpp(199): warning C4996: 'sscanf': This function or variable may be unsafe. Consider using sscanf_s instead. To disable deprecation, use _CRT_SECURE_NO_WARNINGS. See online help for details.
                 c:\program files (x86)\microsoft visual studio 10.0\vc\include\stdio.h(325) : 参见“sscanf”的声明
     1>c:\users\glennge\desktop\语音识别\异常声音分类\svm\libsvm\libsvm\svm-scale.cpp(235): warning C4996: 'fscanf': This function or variable may be unsafe. Consider using fscanf_s instead. To disable deprecation, use _CRT_SECURE_NO_WARNINGS. See online help for details.
                 c:\program files (x86)\microsoft visual studio 10.0\vc\include\stdio.h(253) : 参见“fscanf”的声明
     1>c:\users\glennge\desktop\语音识别\异常声音分类\svm\libsvm\libsvm\svm-scale.cpp(244): warning C4996: 'fscanf': This function or variable may be unsafe. Consider using fscanf_s instead. To disable deprecation, use _CRT_SECURE_NO_WARNINGS. See online help for details.
                 c:\program files (x86)\microsoft visual studio 10.0\vc\include\stdio.h(253) : 参见“fscanf”的声明
     1>c:\users\glennge\desktop\语音识别\异常声音分类\svm\libsvm\libsvm\svm-scale.cpp(246): warning C4996: 'fscanf': This function or variable may be unsafe. Consider using fscanf_s instead. To disable deprecation, use _CRT_SECURE_NO_WARNINGS. See online help for details.
                 c:\program files (x86)\microsoft visual studio 10.0\vc\include\stdio.h(253) : 参见“fscanf”的声明
     1>c:\users\glennge\desktop\语音识别\异常声音分类\svm\libsvm\libsvm\svm-scale.cpp(271): warning C4996: 'fopen': This function or variable may be unsafe. Consider using fopen_s instead. To disable deprecation, use _CRT_SECURE_NO_WARNINGS. See online help for details.
                 c:\program files (x86)\microsoft visual studio 10.0\vc\include\stdio.h(234) : 参见“fopen”的声明
     1>c:\users\glennge\desktop\语音识别\异常声音分类\svm\libsvm\libsvm\svm-scale.cpp(299): warning C4996: 'fopen': This function or variable may be unsafe. Consider using fopen_s instead. To disable deprecation, use _CRT_SECURE_NO_WARNINGS. See online help for details.
                 c:\program files (x86)\microsoft visual studio 10.0\vc\include\stdio.h(234) : 参见“fopen”的声明
     1>c:\users\glennge\desktop\语音识别\异常声音分类\svm\libsvm\libsvm\svm-scale.cpp(308): warning C4996: 'sscanf': This function or variable may be unsafe. Consider using sscanf_s instead. To disable deprecation, use _CRT_SECURE_NO_WARNINGS. See online help for details.
                 c:\program files (x86)\microsoft visual studio 10.0\vc\include\stdio.h(325) : 参见“sscanf”的声明
     1>c:\users\glennge\desktop\语音识别\异常声音分类\svm\libsvm\libsvm\svm-scale.cpp(314): warning C4996: 'sscanf': This function or variable may be unsafe. Consider using sscanf_s instead. To disable deprecation, use _CRT_SECURE_NO_WARNINGS. See online help for details.
                 c:\program files (x86)\microsoft visual studio 10.0\vc\include\stdio.h(325) : 参见“sscanf”的声明
       Link:
         C:\Program Files (x86)\Microsoft Visual Studio 10.0\VC\bin\link.exe /ERRORREPORT:PROMPT /OUT:"C:\Users\glennge\Desktop\语音识别\异常声音分类\SVM\libsvm\Debug\libsvm.exe" /NOLOGO opencv_ml2410d.lib opencv_calib3d2410d.lib opencv_contrib2410d.lib opencv_core2410d.lib opencv_features2d2410d.lib opencv_flann2410d.lib opencv_gpu2410d.lib opencv_highgui2410d.lib opencv_imgproc2410d.lib opencv_legacy2410d.lib opencv_objdetect2410d.lib opencv_ts2410d.lib opencv_video2410d.lib opencv_nonfree2410d.lib opencv_ocl2410d.lib opencv_photo2410d.lib opencv_stitching2410d.lib opencv_superres2410d.lib opencv_videostab2410d.lib opencv_objdetect2410.lib opencv_ts2410.lib opencv_video2410.lib opencv_nonfree2410.lib opencv_ocl2410.lib opencv_photo2410.lib opencv_stitching2410.lib opencv_superres2410.lib opencv_videostab2410.lib opencv_calib3d2410.lib opencv_contrib2410.lib opencv_core2410.lib opencv_features2d2410.lib opencv_flann2410.lib opencv_gpu2410.lib opencv_highgui2410.lib opencv_imgproc2410.lib opencv_legacy2410.lib opencv_ml2410.lib kernel32.lib user32.lib gdi32.lib winspool.lib comdlg32.lib advapi32.lib shell32.lib ole32.lib oleaut32.lib uuid.lib odbc32.lib odbccp32.lib /MANIFEST /ManifestFile:"Debug\libsvm.exe.intermediate.manifest" /MANIFESTUAC:"level='asInvoker' uiAccess='false'" /DEBUG /PDB:"C:\Users\glennge\Desktop\语音识别\异常声音分类\SVM\libsvm\Debug\libsvm.pdb" /TLBID:1 /DYNAMICBASE /NXCOMPAT /IMPLIB:"C:\Users\glennge\Desktop\语音识别\异常声音分类\SVM\libsvm\Debug\libsvm.lib" /MACHINE:X86 Debug\main.obj
         "Debug\svm-predict.obj"
         "Debug\svm-scale.obj"
         "Debug\svm-train.obj"
         Debug\svm.obj
         LINK : 没有找到 C:\Users\glennge\Desktop\语音识别\异常声音分类\SVM\libsvm\Debug\libsvm.exe 或上一个增量链接没有生成它；正在执行完全链接
         libsvm.vcxproj -> C:\Users\glennge\Desktop\语音识别\异常声音分类\SVM\libsvm\Debug\libsvm.exe
       Manifest:
         C:\Program Files (x86)\Microsoft SDKs\Windows\v7.0A\bin\mt.exe /nologo /verbose /outputresource:"C:\Users\glennge\Desktop\语音识别\异常声音分类\SVM\libsvm\Debug\libsvm.exe;#1" /manifest Debug\libsvm.exe.intermediate.manifest
       FinalizeBuildStatus:
         正在删除文件“Debug\libsvm.unsuccessfulbuild”。
         正在对“Debug\libsvm.lastbuildstate”执行 Touch 任务。
     1>已完成生成项目“C:\Users\glennge\Desktop\语音识别\异常声音分类\SVM\libsvm\libsvm\libsvm.vcxproj”(build 个目标)的操作。

生成成功。

已用时间 00:00:01.11
